0 info it worked if it ends with ok
1 verbose cli [ '/usr/local/bin/iojs', '/usr/local/bin/npm', 'start' ]
2 info using npm@2.11.3
3 info using node@v2.3.1
4 verbose config Skipping project config: /Users/christiandennis/.npmrc. (matches userconfig)
5 verbose stack Error: ENOENT: no such file or directory, open '/Users/christiandennis/package.json'
5 verbose stack     at Error (native)
6 verbose cwd /Users/christiandennis/Google Drive/UC Berkeley/Fall 15/cs169/studygroup
7 error Darwin 15.0.0
8 error argv "/usr/local/bin/iojs" "/usr/local/bin/npm" "start"
9 error node v2.3.1
10 error npm  v2.11.3
11 error path /Users/christiandennis/package.json
12 error code ENOENT
13 error errno -2
14 error syscall open
15 error enoent ENOENT: no such file or directory, open '/Users/christiandennis/package.json'
15 error enoent This is most likely not a problem with npm itself
15 error enoent and is related to npm not being able to find a file.
16 verbose exit [ -2, true ]
